CRITICAL - 2023-02-22 16:02:04 --> Undefined property: CodeIgniter\View\View::$load
in APPPATH\Views\addValue.php on line 32.
 1 APPPATH\Views\addValue.php(32): CodeIgniter\Debug\Exceptions->errorHandler(2, 'Undefined property: CodeIgniter\\View\\View::$load', 'APPPATH\\Views\\addValue.php', 32)
 2 SYSTEMPATH\View\View.php(213): include('APPPATH\\Views\\addValue.php')
 3 SYSTEMPATH\View\View.php(216): CodeIgniter\View\View->CodeIgniter\View\{closure}()
 4 SYSTEMPATH\Common.php(1177): CodeIgniter\View\View->render('Views/addValue', [], true)
 5 APPPATH\Controllers\Home.php(31): view('Views/addValue')
 6 SYSTEMPATH\CodeIgniter.php(934): App\Controllers\Home->addValue()
 7 SYSTEMPATH\CodeIgniter.php(499): CodeIgniter\CodeIgniter->runController(Object(App\Controllers\Home))
 8 SYSTEMPATH\CodeIgniter.php(368): CodeIgniter\CodeIgniter->handleRequest(null, Object(Config\Cache), false)
 9 FCPATH\index.php(67): CodeIgniter\CodeIgniter->run()
CRITICAL - 2023-02-22 16:28:25 --> Attempt to read property "first_name" on array
in APPPATH\Views\firstPage.php on line 53.
 1 APPPATH\Views\firstPage.php(53): CodeIgniter\Debug\Exceptions->errorHandler(2, 'Attempt to read property "first_name" on array', 'APPPATH\\Views\\firstPage.php', 53)
 2 SYSTEMPATH\View\View.php(213): include('APPPATH\\Views\\firstPage.php')
 3 SYSTEMPATH\View\View.php(216): CodeIgniter\View\View->CodeIgniter\View\{closure}()
 4 SYSTEMPATH\Common.php(1177): CodeIgniter\View\View->render('Views/firstPage', [], true)
 5 APPPATH\Controllers\Home.php(11): view('Views/firstPage', [...])
 6 SYSTEMPATH\CodeIgniter.php(934): App\Controllers\Home->listing()
 7 SYSTEMPATH\CodeIgniter.php(499): CodeIgniter\CodeIgniter->runController(Object(App\Controllers\Home))
 8 SYSTEMPATH\CodeIgniter.php(368): CodeIgniter\CodeIgniter->handleRequest(null, Object(Config\Cache), false)
 9 FCPATH\index.php(67): CodeIgniter\CodeIgniter->run()
CRITICAL - 2023-02-22 16:30:19 --> Undefined variable $data
in APPPATH\Views\firstPage.php on line 47.
 1 APPPATH\Views\firstPage.php(47): CodeIgniter\Debug\Exceptions->errorHandler(2, 'Undefined variable $data', 'APPPATH\\Views\\firstPage.php', 47)
 2 SYSTEMPATH\View\View.php(213): include('APPPATH\\Views\\firstPage.php')
 3 SYSTEMPATH\View\View.php(216): CodeIgniter\View\View->CodeIgniter\View\{closure}()
 4 SYSTEMPATH\Common.php(1177): CodeIgniter\View\View->render('Views/firstPage', [], true)
 5 APPPATH\Controllers\Home.php(11): view('Views/firstPage', [...])
 6 SYSTEMPATH\CodeIgniter.php(934): App\Controllers\Home->listing()
 7 SYSTEMPATH\CodeIgniter.php(499): CodeIgniter\CodeIgniter->runController(Object(App\Controllers\Home))
 8 SYSTEMPATH\CodeIgniter.php(368): CodeIgniter\CodeIgniter->handleRequest(null, Object(Config\Cache), false)
 9 FCPATH\index.php(67): CodeIgniter\CodeIgniter->run()
CRITICAL - 2023-02-22 16:31:21 --> Undefined variable $result
in APPPATH\Views\firstPage.php on line 47.
 1 APPPATH\Views\firstPage.php(47): CodeIgniter\Debug\Exceptions->errorHandler(2, 'Undefined variable $result', 'APPPATH\\Views\\firstPage.php', 47)
 2 SYSTEMPATH\View\View.php(213): include('APPPATH\\Views\\firstPage.php')
 3 SYSTEMPATH\View\View.php(216): CodeIgniter\View\View->CodeIgniter\View\{closure}()
 4 SYSTEMPATH\Common.php(1177): CodeIgniter\View\View->render('Views/firstPage', [], true)
 5 APPPATH\Controllers\Home.php(11): view('Views/firstPage', [...])
 6 SYSTEMPATH\CodeIgniter.php(934): App\Controllers\Home->listing()
 7 SYSTEMPATH\CodeIgniter.php(499): CodeIgniter\CodeIgniter->runController(Object(App\Controllers\Home))
 8 SYSTEMPATH\CodeIgniter.php(368): CodeIgniter\CodeIgniter->handleRequest(null, Object(Config\Cache), false)
 9 FCPATH\index.php(67): CodeIgniter\CodeIgniter->run()
CRITICAL - 2023-02-22 16:31:43 --> Undefined variable $row
in APPPATH\Views\firstPage.php on line 47.
 1 APPPATH\Views\firstPage.php(47): CodeIgniter\Debug\Exceptions->errorHandler(2, 'Undefined variable $row', 'APPPATH\\Views\\firstPage.php', 47)
 2 SYSTEMPATH\View\View.php(213): include('APPPATH\\Views\\firstPage.php')
 3 SYSTEMPATH\View\View.php(216): CodeIgniter\View\View->CodeIgniter\View\{closure}()
 4 SYSTEMPATH\Common.php(1177): CodeIgniter\View\View->render('Views/firstPage', [], true)
 5 APPPATH\Controllers\Home.php(11): view('Views/firstPage', [...])
 6 SYSTEMPATH\CodeIgniter.php(934): App\Controllers\Home->listing()
 7 SYSTEMPATH\CodeIgniter.php(499): CodeIgniter\CodeIgniter->runController(Object(App\Controllers\Home))
 8 SYSTEMPATH\CodeIgniter.php(368): CodeIgniter\CodeIgniter->handleRequest(null, Object(Config\Cache), false)
 9 FCPATH\index.php(67): CodeIgniter\CodeIgniter->run()
CRITICAL - 2023-02-22 16:35:33 --> Attempt to read property "first_name" on array
in APPPATH\Views\firstPage.php on line 53.
 1 APPPATH\Views\firstPage.php(53): CodeIgniter\Debug\Exceptions->errorHandler(2, 'Attempt to read property "first_name" on array', 'APPPATH\\Views\\firstPage.php', 53)
 2 SYSTEMPATH\View\View.php(213): include('APPPATH\\Views\\firstPage.php')
 3 SYSTEMPATH\View\View.php(216): CodeIgniter\View\View->CodeIgniter\View\{closure}()
 4 SYSTEMPATH\Common.php(1177): CodeIgniter\View\View->render('Views/firstPage', [], true)
 5 APPPATH\Controllers\Home.php(11): view('Views/firstPage', [...])
 6 SYSTEMPATH\CodeIgniter.php(934): App\Controllers\Home->listing()
 7 SYSTEMPATH\CodeIgniter.php(499): CodeIgniter\CodeIgniter->runController(Object(App\Controllers\Home))
 8 SYSTEMPATH\CodeIgniter.php(368): CodeIgniter\CodeIgniter->handleRequest(null, Object(Config\Cache), false)
 9 FCPATH\index.php(67): CodeIgniter\CodeIgniter->run()
CRITICAL - 2023-02-22 16:36:09 --> Array to string conversion
in APPPATH\Views\firstPage.php on line 50.
 1 APPPATH\Views\firstPage.php(50): CodeIgniter\Debug\Exceptions->errorHandler(2, 'Array to string conversion', 'APPPATH\\Views\\firstPage.php', 50)
 2 SYSTEMPATH\View\View.php(213): include('APPPATH\\Views\\firstPage.php')
 3 SYSTEMPATH\View\View.php(216): CodeIgniter\View\View->CodeIgniter\View\{closure}()
 4 SYSTEMPATH\Common.php(1177): CodeIgniter\View\View->render('Views/firstPage', [], true)
 5 APPPATH\Controllers\Home.php(11): view('Views/firstPage', [...])
 6 SYSTEMPATH\CodeIgniter.php(934): App\Controllers\Home->listing()
 7 SYSTEMPATH\CodeIgniter.php(499): CodeIgniter\CodeIgniter->runController(Object(App\Controllers\Home))
 8 SYSTEMPATH\CodeIgniter.php(368): CodeIgniter\CodeIgniter->handleRequest(null, Object(Config\Cache), false)
 9 FCPATH\index.php(67): CodeIgniter\CodeIgniter->run()
CRITICAL - 2023-02-22 16:38:10 --> Attempt to read property "first_name" on array
in APPPATH\Views\firstPage.php on line 56.
 1 APPPATH\Views\firstPage.php(56): CodeIgniter\Debug\Exceptions->errorHandler(2, 'Attempt to read property "first_name" on array', 'APPPATH\\Views\\firstPage.php', 56)
 2 SYSTEMPATH\View\View.php(213): include('APPPATH\\Views\\firstPage.php')
 3 SYSTEMPATH\View\View.php(216): CodeIgniter\View\View->CodeIgniter\View\{closure}()
 4 SYSTEMPATH\Common.php(1177): CodeIgniter\View\View->render('Views/firstPage', [], true)
 5 APPPATH\Controllers\Home.php(11): view('Views/firstPage', [...])
 6 SYSTEMPATH\CodeIgniter.php(934): App\Controllers\Home->listing()
 7 SYSTEMPATH\CodeIgniter.php(499): CodeIgniter\CodeIgniter->runController(Object(App\Controllers\Home))
 8 SYSTEMPATH\CodeIgniter.php(368): CodeIgniter\CodeIgniter->handleRequest(null, Object(Config\Cache), false)
 9 FCPATH\index.php(67): CodeIgniter\CodeIgniter->run()
CRITICAL - 2023-02-22 16:40:18 --> Attempt to read property "last_name" on array
in APPPATH\Views\firstPage.php on line 55.
 1 APPPATH\Views\firstPage.php(55): CodeIgniter\Debug\Exceptions->errorHandler(2, 'Attempt to read property "last_name" on array', 'APPPATH\\Views\\firstPage.php', 55)
 2 SYSTEMPATH\View\View.php(213): include('APPPATH\\Views\\firstPage.php')
 3 SYSTEMPATH\View\View.php(216): CodeIgniter\View\View->CodeIgniter\View\{closure}()
 4 SYSTEMPATH\Common.php(1177): CodeIgniter\View\View->render('Views/firstPage', [], true)
 5 APPPATH\Controllers\Home.php(11): view('Views/firstPage', [...])
 6 SYSTEMPATH\CodeIgniter.php(934): App\Controllers\Home->listing()
 7 SYSTEMPATH\CodeIgniter.php(499): CodeIgniter\CodeIgniter->runController(Object(App\Controllers\Home))
 8 SYSTEMPATH\CodeIgniter.php(368): CodeIgniter\CodeIgniter->handleRequest(null, Object(Config\Cache), false)
 9 FCPATH\index.php(67): CodeIgniter\CodeIgniter->run()
CRITICAL - 2023-02-22 16:41:07 --> Attempt to read property "id" on array
in APPPATH\Views\firstPage.php on line 58.
 1 APPPATH\Views\firstPage.php(58): CodeIgniter\Debug\Exceptions->errorHandler(2, 'Attempt to read property "id" on array', 'APPPATH\\Views\\firstPage.php', 58)
 2 SYSTEMPATH\View\View.php(213): include('APPPATH\\Views\\firstPage.php')
 3 SYSTEMPATH\View\View.php(216): CodeIgniter\View\View->CodeIgniter\View\{closure}()
 4 SYSTEMPATH\Common.php(1177): CodeIgniter\View\View->render('Views/firstPage', [], true)
 5 APPPATH\Controllers\Home.php(11): view('Views/firstPage', [...])
 6 SYSTEMPATH\CodeIgniter.php(934): App\Controllers\Home->listing()
 7 SYSTEMPATH\CodeIgniter.php(499): CodeIgniter\CodeIgniter->runController(Object(App\Controllers\Home))
 8 SYSTEMPATH\CodeIgniter.php(368): CodeIgniter\CodeIgniter->handleRequest(null, Object(Config\Cache), false)
 9 FCPATH\index.php(67): CodeIgniter\CodeIgniter->run()
CRITICAL - 2023-02-22 16:44:12 --> Undefined variable $id
in APPPATH\Views\firstPage.php on line 52.
 1 APPPATH\Views\firstPage.php(52): CodeIgniter\Debug\Exceptions->errorHandler(2, 'Undefined variable $id', 'APPPATH\\Views\\firstPage.php', 52)
 2 SYSTEMPATH\View\View.php(213): include('APPPATH\\Views\\firstPage.php')
 3 SYSTEMPATH\View\View.php(216): CodeIgniter\View\View->CodeIgniter\View\{closure}()
 4 SYSTEMPATH\Common.php(1177): CodeIgniter\View\View->render('Views/firstPage', [], true)
 5 APPPATH\Controllers\Home.php(11): view('Views/firstPage', [...])
 6 SYSTEMPATH\CodeIgniter.php(934): App\Controllers\Home->listing()
 7 SYSTEMPATH\CodeIgniter.php(499): CodeIgniter\CodeIgniter->runController(Object(App\Controllers\Home))
 8 SYSTEMPATH\CodeIgniter.php(368): CodeIgniter\CodeIgniter->handleRequest(null, Object(Config\Cache), false)
 9 FCPATH\index.php(67): CodeIgniter\CodeIgniter->run()
CRITICAL - 2023-02-22 17:18:20 --> Undefined variable $response
in APPPATH\Views\addValue.php on line 40.
 1 APPPATH\Views\addValue.php(40): CodeIgniter\Debug\Exceptions->errorHandler(2, 'Undefined variable $response', 'APPPATH\\Views\\addValue.php', 40)
 2 SYSTEMPATH\View\View.php(213): include('APPPATH\\Views\\addValue.php')
 3 SYSTEMPATH\View\View.php(216): CodeIgniter\View\View->CodeIgniter\View\{closure}()
 4 SYSTEMPATH\Common.php(1177): CodeIgniter\View\View->render('Views/addValue', [], true)
 5 APPPATH\Controllers\Home.php(33): view('Views/addValue', [...])
 6 SYSTEMPATH\CodeIgniter.php(934): App\Controllers\Home->getform('4')
 7 SYSTEMPATH\CodeIgniter.php(499): CodeIgniter\CodeIgniter->runController(Object(App\Controllers\Home))
 8 SYSTEMPATH\CodeIgniter.php(368): CodeIgniter\CodeIgniter->handleRequest(null, Object(Config\Cache), false)
 9 FCPATH\index.php(67): CodeIgniter\CodeIgniter->run()
CRITICAL - 2023-02-22 17:18:52 --> Array to string conversion
in APPPATH\Views\addValue.php on line 40.
 1 APPPATH\Views\addValue.php(40): CodeIgniter\Debug\Exceptions->errorHandler(2, 'Array to string conversion', 'APPPATH\\Views\\addValue.php', 40)
 2 SYSTEMPATH\View\View.php(213): include('APPPATH\\Views\\addValue.php')
 3 SYSTEMPATH\View\View.php(216): CodeIgniter\View\View->CodeIgniter\View\{closure}()
 4 SYSTEMPATH\Common.php(1177): CodeIgniter\View\View->render('Views/addValue', [], true)
 5 APPPATH\Controllers\Home.php(33): view('Views/addValue', [...])
 6 SYSTEMPATH\CodeIgniter.php(934): App\Controllers\Home->getform('4')
 7 SYSTEMPATH\CodeIgniter.php(499): CodeIgniter\CodeIgniter->runController(Object(App\Controllers\Home))
 8 SYSTEMPATH\CodeIgniter.php(368): CodeIgniter\CodeIgniter->handleRequest(null, Object(Config\Cache), false)
 9 FCPATH\index.php(67): CodeIgniter\CodeIgniter->run()
CRITICAL - 2023-02-22 17:19:37 --> Array to string conversion
in APPPATH\Views\addValue.php on line 40.
 1 APPPATH\Views\addValue.php(40): CodeIgniter\Debug\Exceptions->errorHandler(2, 'Array to string conversion', 'APPPATH\\Views\\addValue.php', 40)
 2 SYSTEMPATH\View\View.php(213): include('APPPATH\\Views\\addValue.php')
 3 SYSTEMPATH\View\View.php(216): CodeIgniter\View\View->CodeIgniter\View\{closure}()
 4 SYSTEMPATH\Common.php(1177): CodeIgniter\View\View->render('Views/addValue', [], true)
 5 APPPATH\Controllers\Home.php(33): view('Views/addValue', [...])
 6 SYSTEMPATH\CodeIgniter.php(934): App\Controllers\Home->getform('4')
 7 SYSTEMPATH\CodeIgniter.php(499): CodeIgniter\CodeIgniter->runController(Object(App\Controllers\Home))
 8 SYSTEMPATH\CodeIgniter.php(368): CodeIgniter\CodeIgniter->handleRequest(null, Object(Config\Cache), false)
 9 FCPATH\index.php(67): CodeIgniter\CodeIgniter->run()
CRITICAL - 2023-02-22 17:22:09 --> Array to string conversion
in APPPATH\Controllers\Home.php on line 33.
 1 APPPATH\Controllers\Home.php(33): CodeIgniter\Debug\Exceptions->errorHandler(2, 'Array to string conversion', 'APPPATH\\Controllers\\Home.php', 33)
 2 SYSTEMPATH\CodeIgniter.php(934): App\Controllers\Home->getform('4')
 3 SYSTEMPATH\CodeIgniter.php(499): CodeIgniter\CodeIgniter->runController(Object(App\Controllers\Home))
 4 SYSTEMPATH\CodeIgniter.php(368): CodeIgniter\CodeIgniter->handleRequest(null, Object(Config\Cache), false)
 5 FCPATH\index.php(67): CodeIgniter\CodeIgniter->run()
CRITICAL - 2023-02-22 17:22:36 --> Array to string conversion
in APPPATH\Controllers\Home.php on line 33.
 1 APPPATH\Controllers\Home.php(33): CodeIgniter\Debug\Exceptions->errorHandler(2, 'Array to string conversion', 'APPPATH\\Controllers\\Home.php', 33)
 2 SYSTEMPATH\CodeIgniter.php(934): App\Controllers\Home->getform('4')
 3 SYSTEMPATH\CodeIgniter.php(499): CodeIgniter\CodeIgniter->runController(Object(App\Controllers\Home))
 4 SYSTEMPATH\CodeIgniter.php(368): CodeIgniter\CodeIgniter->handleRequest(null, Object(Config\Cache), false)
 5 FCPATH\index.php(67): CodeIgniter\CodeIgniter->run()
CRITICAL - 2023-02-22 17:23:54 --> Undefined variable $response
in APPPATH\Views\addValue.php on line 40.
 1 APPPATH\Views\addValue.php(40): CodeIgniter\Debug\Exceptions->errorHandler(2, 'Undefined variable $response', 'APPPATH\\Views\\addValue.php', 40)
 2 SYSTEMPATH\View\View.php(213): include('APPPATH\\Views\\addValue.php')
 3 SYSTEMPATH\View\View.php(216): CodeIgniter\View\View->CodeIgniter\View\{closure}()
 4 SYSTEMPATH\Common.php(1177): CodeIgniter\View\View->render('Views/addValue', [], true)
 5 APPPATH\Controllers\Home.php(33): view('Views/addValue', [...])
 6 SYSTEMPATH\CodeIgniter.php(934): App\Controllers\Home->getform('4')
 7 SYSTEMPATH\CodeIgniter.php(499): CodeIgniter\CodeIgniter->runController(Object(App\Controllers\Home))
 8 SYSTEMPATH\CodeIgniter.php(368): CodeIgniter\CodeIgniter->handleRequest(null, Object(Config\Cache), false)
 9 FCPATH\index.php(67): CodeIgniter\CodeIgniter->run()
CRITICAL - 2023-02-22 17:25:08 --> Undefined variable $response
in APPPATH\Views\addValue.php on line 40.
 1 APPPATH\Views\addValue.php(40): CodeIgniter\Debug\Exceptions->errorHandler(2, 'Undefined variable $response', 'APPPATH\\Views\\addValue.php', 40)
 2 SYSTEMPATH\View\View.php(213): include('APPPATH\\Views\\addValue.php')
 3 SYSTEMPATH\View\View.php(216): CodeIgniter\View\View->CodeIgniter\View\{closure}()
 4 SYSTEMPATH\Common.php(1177): CodeIgniter\View\View->render('Views/addValue', [], true)
 5 APPPATH\Controllers\Home.php(33): view('Views/addValue', [...])
 6 SYSTEMPATH\CodeIgniter.php(934): App\Controllers\Home->getform('4')
 7 SYSTEMPATH\CodeIgniter.php(499): CodeIgniter\CodeIgniter->runController(Object(App\Controllers\Home))
 8 SYSTEMPATH\CodeIgniter.php(368): CodeIgniter\CodeIgniter->handleRequest(null, Object(Config\Cache), false)
 9 FCPATH\index.php(67): CodeIgniter\CodeIgniter->run()
CRITICAL - 2023-02-22 17:25:59 --> Undefined variable $response
in APPPATH\Views\addValue.php on line 40.
 1 APPPATH\Views\addValue.php(40): CodeIgniter\Debug\Exceptions->errorHandler(2, 'Undefined variable $response', 'APPPATH\\Views\\addValue.php', 40)
 2 SYSTEMPATH\View\View.php(213): include('APPPATH\\Views\\addValue.php')
 3 SYSTEMPATH\View\View.php(216): CodeIgniter\View\View->CodeIgniter\View\{closure}()
 4 SYSTEMPATH\Common.php(1177): CodeIgniter\View\View->render('Views/addValue', [], true)
 5 APPPATH\Controllers\Home.php(33): view('Views/addValue', [...])
 6 SYSTEMPATH\CodeIgniter.php(934): App\Controllers\Home->getform('4')
 7 SYSTEMPATH\CodeIgniter.php(499): CodeIgniter\CodeIgniter->runController(Object(App\Controllers\Home))
 8 SYSTEMPATH\CodeIgniter.php(368): CodeIgniter\CodeIgniter->handleRequest(null, Object(Config\Cache), false)
 9 FCPATH\index.php(67): CodeIgniter\CodeIgniter->run()
CRITICAL - 2023-02-22 17:26:01 --> Undefined variable $response
in APPPATH\Views\addValue.php on line 40.
 1 APPPATH\Views\addValue.php(40): CodeIgniter\Debug\Exceptions->errorHandler(2, 'Undefined variable $response', 'APPPATH\\Views\\addValue.php', 40)
 2 SYSTEMPATH\View\View.php(213): include('APPPATH\\Views\\addValue.php')
 3 SYSTEMPATH\View\View.php(216): CodeIgniter\View\View->CodeIgniter\View\{closure}()
 4 SYSTEMPATH\Common.php(1177): CodeIgniter\View\View->render('Views/addValue', [], true)
 5 APPPATH\Controllers\Home.php(33): view('Views/addValue', [...])
 6 SYSTEMPATH\CodeIgniter.php(934): App\Controllers\Home->getform('4')
 7 SYSTEMPATH\CodeIgniter.php(499): CodeIgniter\CodeIgniter->runController(Object(App\Controllers\Home))
 8 SYSTEMPATH\CodeIgniter.php(368): CodeIgniter\CodeIgniter->handleRequest(null, Object(Config\Cache), false)
 9 FCPATH\index.php(67): CodeIgniter\CodeIgniter->run()
CRITICAL - 2023-02-22 17:26:01 --> Undefined variable $response
in APPPATH\Views\addValue.php on line 40.
 1 APPPATH\Views\addValue.php(40): CodeIgniter\Debug\Exceptions->errorHandler(2, 'Undefined variable $response', 'APPPATH\\Views\\addValue.php', 40)
 2 SYSTEMPATH\View\View.php(213): include('APPPATH\\Views\\addValue.php')
 3 SYSTEMPATH\View\View.php(216): CodeIgniter\View\View->CodeIgniter\View\{closure}()
 4 SYSTEMPATH\Common.php(1177): CodeIgniter\View\View->render('Views/addValue', [], true)
 5 APPPATH\Controllers\Home.php(33): view('Views/addValue', [...])
 6 SYSTEMPATH\CodeIgniter.php(934): App\Controllers\Home->getform('4')
 7 SYSTEMPATH\CodeIgniter.php(499): CodeIgniter\CodeIgniter->runController(Object(App\Controllers\Home))
 8 SYSTEMPATH\CodeIgniter.php(368): CodeIgniter\CodeIgniter->handleRequest(null, Object(Config\Cache), false)
 9 FCPATH\index.php(67): CodeIgniter\CodeIgniter->run()
CRITICAL - 2023-02-22 17:26:01 --> Undefined variable $response
in APPPATH\Views\addValue.php on line 40.
 1 APPPATH\Views\addValue.php(40): CodeIgniter\Debug\Exceptions->errorHandler(2, 'Undefined variable $response', 'APPPATH\\Views\\addValue.php', 40)
 2 SYSTEMPATH\View\View.php(213): include('APPPATH\\Views\\addValue.php')
 3 SYSTEMPATH\View\View.php(216): CodeIgniter\View\View->CodeIgniter\View\{closure}()
 4 SYSTEMPATH\Common.php(1177): CodeIgniter\View\View->render('Views/addValue', [], true)
 5 APPPATH\Controllers\Home.php(33): view('Views/addValue', [...])
 6 SYSTEMPATH\CodeIgniter.php(934): App\Controllers\Home->getform('4')
 7 SYSTEMPATH\CodeIgniter.php(499): CodeIgniter\CodeIgniter->runController(Object(App\Controllers\Home))
 8 SYSTEMPATH\CodeIgniter.php(368): CodeIgniter\CodeIgniter->handleRequest(null, Object(Config\Cache), false)
 9 FCPATH\index.php(67): CodeIgniter\CodeIgniter->run()
CRITICAL - 2023-02-22 17:26:01 --> Undefined variable $response
in APPPATH\Views\addValue.php on line 40.
 1 APPPATH\Views\addValue.php(40): CodeIgniter\Debug\Exceptions->errorHandler(2, 'Undefined variable $response', 'APPPATH\\Views\\addValue.php', 40)
 2 SYSTEMPATH\View\View.php(213): include('APPPATH\\Views\\addValue.php')
 3 SYSTEMPATH\View\View.php(216): CodeIgniter\View\View->CodeIgniter\View\{closure}()
 4 SYSTEMPATH\Common.php(1177): CodeIgniter\View\View->render('Views/addValue', [], true)
 5 APPPATH\Controllers\Home.php(33): view('Views/addValue', [...])
 6 SYSTEMPATH\CodeIgniter.php(934): App\Controllers\Home->getform('4')
 7 SYSTEMPATH\CodeIgniter.php(499): CodeIgniter\CodeIgniter->runController(Object(App\Controllers\Home))
 8 SYSTEMPATH\CodeIgniter.php(368): CodeIgniter\CodeIgniter->handleRequest(null, Object(Config\Cache), false)
 9 FCPATH\index.php(67): CodeIgniter\CodeIgniter->run()
CRITICAL - 2023-02-22 17:28:14 --> Undefined array key 0
in APPPATH\Views\addValue.php on line 40.
 1 APPPATH\Views\addValue.php(40): CodeIgniter\Debug\Exceptions->errorHandler(2, 'Undefined array key 0', 'APPPATH\\Views\\addValue.php', 40)
 2 SYSTEMPATH\View\View.php(213): include('APPPATH\\Views\\addValue.php')
 3 SYSTEMPATH\View\View.php(216): CodeIgniter\View\View->CodeIgniter\View\{closure}()
 4 SYSTEMPATH\Common.php(1177): CodeIgniter\View\View->render('Views/addValue', [], true)
 5 APPPATH\Controllers\Home.php(33): view('Views/addValue', [...])
 6 SYSTEMPATH\CodeIgniter.php(934): App\Controllers\Home->getform('4')
 7 SYSTEMPATH\CodeIgniter.php(499): CodeIgniter\CodeIgniter->runController(Object(App\Controllers\Home))
 8 SYSTEMPATH\CodeIgniter.php(368): CodeIgniter\CodeIgniter->handleRequest(null, Object(Config\Cache), false)
 9 FCPATH\index.php(67): CodeIgniter\CodeIgniter->run()
CRITICAL - 2023-02-22 17:28:24 --> Cannot use [] for reading
in APPPATH\Views\addValue.php on line 40.
 1 [internal function]: CodeIgniter\Debug\Exceptions->shutdownHandler()
CRITICAL - 2023-02-22 17:30:41 --> Undefined variable $isset
in APPPATH\Views\addValue.php on line 42.
 1 APPPATH\Views\addValue.php(42): CodeIgniter\Debug\Exceptions->errorHandler(2, 'Undefined variable $isset', 'APPPATH\\Views\\addValue.php', 42)
 2 SYSTEMPATH\View\View.php(213): include('APPPATH\\Views\\addValue.php')
 3 SYSTEMPATH\View\View.php(216): CodeIgniter\View\View->CodeIgniter\View\{closure}()
 4 SYSTEMPATH\Common.php(1177): CodeIgniter\View\View->render('Views/addValue', [], true)
 5 APPPATH\Controllers\Home.php(33): view('Views/addValue', [...])
 6 SYSTEMPATH\CodeIgniter.php(934): App\Controllers\Home->getform('4')
 7 SYSTEMPATH\CodeIgniter.php(499): CodeIgniter\CodeIgniter->runController(Object(App\Controllers\Home))
 8 SYSTEMPATH\CodeIgniter.php(368): CodeIgniter\CodeIgniter->handleRequest(null, Object(Config\Cache), false)
 9 FCPATH\index.php(67): CodeIgniter\CodeIgniter->run()
CRITICAL - 2023-02-22 17:56:15 --> Call to undefined method App\Controllers\Home::where()
in APPPATH\Controllers\Home.php on line 24.
 1 SYSTEMPATH\CodeIgniter.php(934): App\Controllers\Home->postform()
 2 SYSTEMPATH\CodeIgniter.php(499): CodeIgniter\CodeIgniter->runController(Object(App\Controllers\Home))
 3 SYSTEMPATH\CodeIgniter.php(368): CodeIgniter\CodeIgniter->handleRequest(null, Object(Config\Cache), false)
 4 FCPATH\index.php(67): CodeIgniter\CodeIgniter->run()
CRITICAL - 2023-02-22 17:59:39 --> Call to undefined method App\Controllers\Home::where()
in APPPATH\Controllers\Home.php on line 24.
 1 SYSTEMPATH\CodeIgniter.php(934): App\Controllers\Home->postform()
 2 SYSTEMPATH\CodeIgniter.php(499): CodeIgniter\CodeIgniter->runController(Object(App\Controllers\Home))
 3 SYSTEMPATH\CodeIgniter.php(368): CodeIgniter\CodeIgniter->handleRequest(null, Object(Config\Cache), false)
 4 FCPATH\index.php(67): CodeIgniter\CodeIgniter->run()
CRITICAL - 2023-02-22 18:01:11 --> Call to undefined method App\Controllers\Home::where()
in APPPATH\Controllers\Home.php on line 24.
 1 SYSTEMPATH\CodeIgniter.php(934): App\Controllers\Home->postform()
 2 SYSTEMPATH\CodeIgniter.php(499): CodeIgniter\CodeIgniter->runController(Object(App\Controllers\Home))
 3 SYSTEMPATH\CodeIgniter.php(368): CodeIgniter\CodeIgniter->handleRequest(null, Object(Config\Cache), false)
 4 FCPATH\index.php(67): CodeIgniter\CodeIgniter->run()
CRITICAL - 2023-02-22 18:04:44 --> Call to undefined method App\Controllers\Home::where()
in APPPATH\Controllers\Home.php on line 24.
 1 SYSTEMPATH\CodeIgniter.php(934): App\Controllers\Home->postform()
 2 SYSTEMPATH\CodeIgniter.php(499): CodeIgniter\CodeIgniter->runController(Object(App\Controllers\Home))
 3 SYSTEMPATH\CodeIgniter.php(368): CodeIgniter\CodeIgniter->handleRequest(null, Object(Config\Cache), false)
 4 FCPATH\index.php(67): CodeIgniter\CodeIgniter->run()
CRITICAL - 2023-02-22 18:30:52 --> Call to undefined method App\Controllers\Home::where()
in APPPATH\Controllers\Home.php on line 25.
 1 SYSTEMPATH\CodeIgniter.php(934): App\Controllers\Home->postform()
 2 SYSTEMPATH\CodeIgniter.php(499): CodeIgniter\CodeIgniter->runController(Object(App\Controllers\Home))
 3 SYSTEMPATH\CodeIgniter.php(368): CodeIgniter\CodeIgniter->handleRequest(null, Object(Config\Cache), false)
 4 FCPATH\index.php(67): CodeIgniter\CodeIgniter->run()
CRITICAL - 2023-02-22 18:31:10 --> Array to string conversion
in APPPATH\Controllers\Home.php on line 25.
 1 APPPATH\Controllers\Home.php(25): CodeIgniter\Debug\Exceptions->errorHandler(2, 'Array to string conversion', 'APPPATH\\Controllers\\Home.php', 25)
 2 SYSTEMPATH\CodeIgniter.php(934): App\Controllers\Home->postform()
 3 SYSTEMPATH\CodeIgniter.php(499): CodeIgniter\CodeIgniter->runController(Object(App\Controllers\Home))
 4 SYSTEMPATH\CodeIgniter.php(368): CodeIgniter\CodeIgniter->handleRequest(null, Object(Config\Cache), false)
 5 FCPATH\index.php(67): CodeIgniter\CodeIgniter->run()
CRITICAL - 2023-02-22 18:33:03 --> Call to a member function update() on array
in APPPATH\Controllers\Home.php on line 29.
 1 SYSTEMPATH\CodeIgniter.php(934): App\Controllers\Home->postform()
 2 SYSTEMPATH\CodeIgniter.php(499): CodeIgniter\CodeIgniter->runController(Object(App\Controllers\Home))
 3 SYSTEMPATH\CodeIgniter.php(368): CodeIgniter\CodeIgniter->handleRequest(null, Object(Config\Cache), false)
 4 FCPATH\index.php(67): CodeIgniter\CodeIgniter->run()
CRITICAL - 2023-02-22 18:36:15 --> Call to a member function update() on array
in APPPATH\Controllers\Home.php on line 29.
 1 SYSTEMPATH\CodeIgniter.php(934): App\Controllers\Home->postform()
 2 SYSTEMPATH\CodeIgniter.php(499): CodeIgniter\CodeIgniter->runController(Object(App\Controllers\Home))
 3 SYSTEMPATH\CodeIgniter.php(368): CodeIgniter\CodeIgniter->handleRequest(null, Object(Config\Cache), false)
 4 FCPATH\index.php(67): CodeIgniter\CodeIgniter->run()
CRITICAL - 2023-02-22 18:46:58 --> Too few arguments to function App\Controllers\Home::postform(), 0 passed in C:\xampp\htdocs\curd\system\CodeIgniter.php on line 934 and exactly 1 expected
in APPPATH\Controllers\Home.php on line 14.
 1 SYSTEMPATH\CodeIgniter.php(934): App\Controllers\Home->postform()
 2 SYSTEMPATH\CodeIgniter.php(499): CodeIgniter\CodeIgniter->runController(Object(App\Controllers\Home))
 3 SYSTEMPATH\CodeIgniter.php(368): CodeIgniter\CodeIgniter->handleRequest(null, Object(Config\Cache), false)
 4 FCPATH\index.php(67): CodeIgniter\CodeIgniter->run()
CRITICAL - 2023-02-22 18:49:31 --> There is no data to update.
in SYSTEMPATH\BaseModel.php on line 1680.
 1 SYSTEMPATH\BaseModel.php(1680): CodeIgniter\Database\Exceptions\DataException::forEmptyDataset('update')
 2 SYSTEMPATH\BaseModel.php(910): CodeIgniter\BaseModel->transformDataToArray(null, 'update')
 3 SYSTEMPATH\Model.php(755): CodeIgniter\BaseModel->update([...], null)
 4 APPPATH\Controllers\Home.php(33): CodeIgniter\Model->update([...])
 5 SYSTEMPATH\CodeIgniter.php(934): App\Controllers\Home->postform()
 6 SYSTEMPATH\CodeIgniter.php(499): CodeIgniter\CodeIgniter->runController(Object(App\Controllers\Home))
 7 SYSTEMPATH\CodeIgniter.php(368): CodeIgniter\CodeIgniter->handleRequest(null, Object(Config\Cache), false)
 8 FCPATH\index.php(67): CodeIgniter\CodeIgniter->run()
CRITICAL - 2023-02-22 18:49:57 --> There is no data to update.
in SYSTEMPATH\BaseModel.php on line 1680.
 1 SYSTEMPATH\BaseModel.php(1680): CodeIgniter\Database\Exceptions\DataException::forEmptyDataset('update')
 2 SYSTEMPATH\BaseModel.php(910): CodeIgniter\BaseModel->transformDataToArray(null, 'update')
 3 SYSTEMPATH\Model.php(755): CodeIgniter\BaseModel->update([...], null)
 4 APPPATH\Controllers\Home.php(33): CodeIgniter\Model->update([...])
 5 SYSTEMPATH\CodeIgniter.php(934): App\Controllers\Home->postform()
 6 SYSTEMPATH\CodeIgniter.php(499): CodeIgniter\CodeIgniter->runController(Object(App\Controllers\Home))
 7 SYSTEMPATH\CodeIgniter.php(368): CodeIgniter\CodeIgniter->handleRequest(null, Object(Config\Cache), false)
 8 FCPATH\index.php(67): CodeIgniter\CodeIgniter->run()
CRITICAL - 2023-02-22 18:50:20 --> There is no data to update.
in SYSTEMPATH\BaseModel.php on line 1680.
 1 SYSTEMPATH\BaseModel.php(1680): CodeIgniter\Database\Exceptions\DataException::forEmptyDataset('update')
 2 SYSTEMPATH\BaseModel.php(910): CodeIgniter\BaseModel->transformDataToArray(null, 'update')
 3 SYSTEMPATH\Model.php(755): CodeIgniter\BaseModel->update([...], null)
 4 APPPATH\Controllers\Home.php(33): CodeIgniter\Model->update([...])
 5 SYSTEMPATH\CodeIgniter.php(934): App\Controllers\Home->postform()
 6 SYSTEMPATH\CodeIgniter.php(499): CodeIgniter\CodeIgniter->runController(Object(App\Controllers\Home))
 7 SYSTEMPATH\CodeIgniter.php(368): CodeIgniter\CodeIgniter->handleRequest(null, Object(Config\Cache), false)
 8 FCPATH\index.php(67): CodeIgniter\CodeIgniter->run()
