CRITICAL - 2023-02-16 07:44:18 --> Call to undefined method CodeIgniter\Database\MySQLi\Builder::post()
in APPPATH\Models\UserModel.php on line 20.
 1 APPPATH\Controllers\Home.php(30): App\Models\UserModel->psdata('users')
 2 SYSTEMPATH\CodeIgniter.php(934): App\Controllers\Home->addValue()
 3 SYSTEMPATH\CodeIgniter.php(499): CodeIgniter\CodeIgniter->runController(Object(App\Controllers\Home))
 4 SYSTEMPATH\CodeIgniter.php(368): CodeIgniter\CodeIgniter->handleRequest(null, Object(Config\Cache), false)
 5 FCPATH\index.php(67): CodeIgniter\CodeIgniter->run()
CRITICAL - 2023-02-16 07:44:52 --> Call to undefined method CodeIgniter\Database\MySQLi\Builder::POST()
in APPPATH\Models\UserModel.php on line 20.
 1 APPPATH\Controllers\Home.php(30): App\Models\UserModel->psdata('users')
 2 SYSTEMPATH\CodeIgniter.php(934): App\Controllers\Home->addValue()
 3 SYSTEMPATH\CodeIgniter.php(499): CodeIgniter\CodeIgniter->runController(Object(App\Controllers\Home))
 4 SYSTEMPATH\CodeIgniter.php(368): CodeIgniter\CodeIgniter->handleRequest(null, Object(Config\Cache), false)
 5 FCPATH\index.php(67): CodeIgniter\CodeIgniter->run()
CRITICAL - 2023-02-16 10:43:30 --> Cannot use object of type stdClass as array
in APPPATH\Views\firstPage.php on line 59.
 1 SYSTEMPATH\View\View.php(213): include()
 2 SYSTEMPATH\View\View.php(216): CodeIgniter\View\View->CodeIgniter\View\{closure}()
 3 SYSTEMPATH\Common.php(1177): CodeIgniter\View\View->render('Views/firstPage', [], true)
 4 APPPATH\Controllers\Home.php(16): view('Views/firstPage', [...])
 5 SYSTEMPATH\CodeIgniter.php(934): App\Controllers\Home->index()
 6 SYSTEMPATH\CodeIgniter.php(499): CodeIgniter\CodeIgniter->runController(Object(App\Controllers\Home))
 7 SYSTEMPATH\CodeIgniter.php(368): CodeIgniter\CodeIgniter->handleRequest(null, Object(Config\Cache), false)
 8 FCPATH\index.php(67): CodeIgniter\CodeIgniter->run()
CRITICAL - 2023-02-16 10:44:31 --> Undefined property: stdClass::$1
in APPPATH\Views\firstPage.php on line 59.
 1 APPPATH\Views\firstPage.php(59): CodeIgniter\Debug\Exceptions->errorHandler(2, 'Undefined property: stdClass::$1', 'APPPATH\\Views\\firstPage.php', 59)
 2 SYSTEMPATH\View\View.php(213): include('APPPATH\\Views\\firstPage.php')
 3 SYSTEMPATH\View\View.php(216): CodeIgniter\View\View->CodeIgniter\View\{closure}()
 4 SYSTEMPATH\Common.php(1177): CodeIgniter\View\View->render('Views/firstPage', [], true)
 5 APPPATH\Controllers\Home.php(16): view('Views/firstPage', [...])
 6 SYSTEMPATH\CodeIgniter.php(934): App\Controllers\Home->index()
 7 SYSTEMPATH\CodeIgniter.php(499): CodeIgniter\CodeIgniter->runController(Object(App\Controllers\Home))
 8 SYSTEMPATH\CodeIgniter.php(368): CodeIgniter\CodeIgniter->handleRequest(null, Object(Config\Cache), false)
 9 FCPATH\index.php(67): CodeIgniter\CodeIgniter->run()
CRITICAL - 2023-02-16 10:44:56 --> Undefined variable $id
in APPPATH\Views\firstPage.php on line 59.
 1 APPPATH\Views\firstPage.php(59): CodeIgniter\Debug\Exceptions->errorHandler(2, 'Undefined variable $id', 'APPPATH\\Views\\firstPage.php', 59)
 2 SYSTEMPATH\View\View.php(213): include('APPPATH\\Views\\firstPage.php')
 3 SYSTEMPATH\View\View.php(216): CodeIgniter\View\View->CodeIgniter\View\{closure}()
 4 SYSTEMPATH\Common.php(1177): CodeIgniter\View\View->render('Views/firstPage', [], true)
 5 APPPATH\Controllers\Home.php(16): view('Views/firstPage', [...])
 6 SYSTEMPATH\CodeIgniter.php(934): App\Controllers\Home->index()
 7 SYSTEMPATH\CodeIgniter.php(499): CodeIgniter\CodeIgniter->runController(Object(App\Controllers\Home))
 8 SYSTEMPATH\CodeIgniter.php(368): CodeIgniter\CodeIgniter->handleRequest(null, Object(Config\Cache), false)
 9 FCPATH\index.php(67): CodeIgniter\CodeIgniter->run()
CRITICAL - 2023-02-16 10:46:11 --> Cannot use object of type stdClass as array
in APPPATH\Views\firstPage.php on line 59.
 1 SYSTEMPATH\View\View.php(213): include()
 2 SYSTEMPATH\View\View.php(216): CodeIgniter\View\View->CodeIgniter\View\{closure}()
 3 SYSTEMPATH\Common.php(1177): CodeIgniter\View\View->render('Views/firstPage', [], true)
 4 APPPATH\Controllers\Home.php(16): view('Views/firstPage', [...])
 5 SYSTEMPATH\CodeIgniter.php(934): App\Controllers\Home->index()
 6 SYSTEMPATH\CodeIgniter.php(499): CodeIgniter\CodeIgniter->runController(Object(App\Controllers\Home))
 7 SYSTEMPATH\CodeIgniter.php(368): CodeIgniter\CodeIgniter->handleRequest(null, Object(Config\Cache), false)
 8 FCPATH\index.php(67): CodeIgniter\CodeIgniter->run()
CRITICAL - 2023-02-16 10:57:54 --> Too few arguments to function App\Controllers\Home::addValue(), 0 passed in C:\xampp\htdocs\curd\system\CodeIgniter.php on line 934 and exactly 2 expected
in APPPATH\Controllers\Home.php on line 19.
 1 SYSTEMPATH\CodeIgniter.php(934): App\Controllers\Home->addValue()
 2 SYSTEMPATH\CodeIgniter.php(499): CodeIgniter\CodeIgniter->runController(Object(App\Controllers\Home))
 3 SYSTEMPATH\CodeIgniter.php(368): CodeIgniter\CodeIgniter->handleRequest(null, Object(Config\Cache), false)
 4 FCPATH\index.php(67): CodeIgniter\CodeIgniter->run()
CRITICAL - 2023-02-16 10:58:31 --> Too few arguments to function App\Controllers\Home::addValue(), 0 passed in C:\xampp\htdocs\curd\system\CodeIgniter.php on line 934 and exactly 1 expected
in APPPATH\Controllers\Home.php on line 19.
 1 SYSTEMPATH\CodeIgniter.php(934): App\Controllers\Home->addValue()
 2 SYSTEMPATH\CodeIgniter.php(499): CodeIgniter\CodeIgniter->runController(Object(App\Controllers\Home))
 3 SYSTEMPATH\CodeIgniter.php(368): CodeIgniter\CodeIgniter->handleRequest(null, Object(Config\Cache), false)
 4 FCPATH\index.php(67): CodeIgniter\CodeIgniter->run()
CRITICAL - 2023-02-16 11:04:29 --> Cannot use object of type stdClass as array
in APPPATH\Views\firstPage.php on line 59.
 1 SYSTEMPATH\View\View.php(213): include()
 2 SYSTEMPATH\View\View.php(216): CodeIgniter\View\View->CodeIgniter\View\{closure}()
 3 SYSTEMPATH\Common.php(1177): CodeIgniter\View\View->render('Views/firstPage', [], true)
 4 APPPATH\Controllers\Home.php(16): view('Views/firstPage', [...])
 5 SYSTEMPATH\CodeIgniter.php(934): App\Controllers\Home->index()
 6 SYSTEMPATH\CodeIgniter.php(499): CodeIgniter\CodeIgniter->runController(Object(App\Controllers\Home))
 7 SYSTEMPATH\CodeIgniter.php(368): CodeIgniter\CodeIgniter->handleRequest(null, Object(Config\Cache), false)
 8 FCPATH\index.php(67): CodeIgniter\CodeIgniter->run()
CRITICAL - 2023-02-16 11:05:15 --> Undefined property: stdClass::$1
in APPPATH\Views\firstPage.php on line 59.
 1 APPPATH\Views\firstPage.php(59): CodeIgniter\Debug\Exceptions->errorHandler(2, 'Undefined property: stdClass::$1', 'APPPATH\\Views\\firstPage.php', 59)
 2 SYSTEMPATH\View\View.php(213): include('APPPATH\\Views\\firstPage.php')
 3 SYSTEMPATH\View\View.php(216): CodeIgniter\View\View->CodeIgniter\View\{closure}()
 4 SYSTEMPATH\Common.php(1177): CodeIgniter\View\View->render('Views/firstPage', [], true)
 5 APPPATH\Controllers\Home.php(16): view('Views/firstPage', [...])
 6 SYSTEMPATH\CodeIgniter.php(934): App\Controllers\Home->index()
 7 SYSTEMPATH\CodeIgniter.php(499): CodeIgniter\CodeIgniter->runController(Object(App\Controllers\Home))
 8 SYSTEMPATH\CodeIgniter.php(368): CodeIgniter\CodeIgniter->handleRequest(null, Object(Config\Cache), false)
 9 FCPATH\index.php(67): CodeIgniter\CodeIgniter->run()
CRITICAL - 2023-02-16 11:05:46 --> Undefined variable $id
in APPPATH\Views\firstPage.php on line 59.
 1 APPPATH\Views\firstPage.php(59): CodeIgniter\Debug\Exceptions->errorHandler(2, 'Undefined variable $id', 'APPPATH\\Views\\firstPage.php', 59)
 2 SYSTEMPATH\View\View.php(213): include('APPPATH\\Views\\firstPage.php')
 3 SYSTEMPATH\View\View.php(216): CodeIgniter\View\View->CodeIgniter\View\{closure}()
 4 SYSTEMPATH\Common.php(1177): CodeIgniter\View\View->render('Views/firstPage', [], true)
 5 APPPATH\Controllers\Home.php(16): view('Views/firstPage', [...])
 6 SYSTEMPATH\CodeIgniter.php(934): App\Controllers\Home->index()
 7 SYSTEMPATH\CodeIgniter.php(499): CodeIgniter\CodeIgniter->runController(Object(App\Controllers\Home))
 8 SYSTEMPATH\CodeIgniter.php(368): CodeIgniter\CodeIgniter->handleRequest(null, Object(Config\Cache), false)
 9 FCPATH\index.php(67): CodeIgniter\CodeIgniter->run()
CRITICAL - 2023-02-16 11:06:14 --> Undefined property: stdClass::$1
in APPPATH\Views\firstPage.php on line 59.
 1 APPPATH\Views\firstPage.php(59): CodeIgniter\Debug\Exceptions->errorHandler(2, 'Undefined property: stdClass::$1', 'APPPATH\\Views\\firstPage.php', 59)
 2 SYSTEMPATH\View\View.php(213): include('APPPATH\\Views\\firstPage.php')
 3 SYSTEMPATH\View\View.php(216): CodeIgniter\View\View->CodeIgniter\View\{closure}()
 4 SYSTEMPATH\Common.php(1177): CodeIgniter\View\View->render('Views/firstPage', [], true)
 5 APPPATH\Controllers\Home.php(16): view('Views/firstPage', [...])
 6 SYSTEMPATH\CodeIgniter.php(934): App\Controllers\Home->index()
 7 SYSTEMPATH\CodeIgniter.php(499): CodeIgniter\CodeIgniter->runController(Object(App\Controllers\Home))
 8 SYSTEMPATH\CodeIgniter.php(368): CodeIgniter\CodeIgniter->handleRequest(null, Object(Config\Cache), false)
 9 FCPATH\index.php(67): CodeIgniter\CodeIgniter->run()
CRITICAL - 2023-02-16 11:10:19 --> Cannot use object of type stdClass as array
in APPPATH\Views\firstPage.php on line 53.
 1 SYSTEMPATH\View\View.php(213): include()
 2 SYSTEMPATH\View\View.php(216): CodeIgniter\View\View->CodeIgniter\View\{closure}()
 3 SYSTEMPATH\Common.php(1177): CodeIgniter\View\View->render('Views/firstPage', [], true)
 4 APPPATH\Controllers\Home.php(16): view('Views/firstPage', [...])
 5 SYSTEMPATH\CodeIgniter.php(934): App\Controllers\Home->index()
 6 SYSTEMPATH\CodeIgniter.php(499): CodeIgniter\CodeIgniter->runController(Object(App\Controllers\Home))
 7 SYSTEMPATH\CodeIgniter.php(368): CodeIgniter\CodeIgniter->handleRequest(null, Object(Config\Cache), false)
 8 FCPATH\index.php(67): CodeIgniter\CodeIgniter->run()
CRITICAL - 2023-02-16 11:11:35 --> Cannot use object of type stdClass as array
in APPPATH\Views\firstPage.php on line 59.
 1 SYSTEMPATH\View\View.php(213): include()
 2 SYSTEMPATH\View\View.php(216): CodeIgniter\View\View->CodeIgniter\View\{closure}()
 3 SYSTEMPATH\Common.php(1177): CodeIgniter\View\View->render('Views/firstPage', [], true)
 4 APPPATH\Controllers\Home.php(16): view('Views/firstPage', [...])
 5 SYSTEMPATH\CodeIgniter.php(934): App\Controllers\Home->index()
 6 SYSTEMPATH\CodeIgniter.php(499): CodeIgniter\CodeIgniter->runController(Object(App\Controllers\Home))
 7 SYSTEMPATH\CodeIgniter.php(368): CodeIgniter\CodeIgniter->handleRequest(null, Object(Config\Cache), false)
 8 FCPATH\index.php(67): CodeIgniter\CodeIgniter->run()
